[debug] [2025-04-04T04:00:58.824Z] ----------------------------------------------------------------------
[debug] [2025-04-04T04:00:58.826Z] Command:       C:\Program Files\nodejs\node.exe C:\Program Files\nodejs\node_modules\firebase-tools\lib\bin\firebase.js init hosting
[debug] [2025-04-04T04:00:58.826Z] CLI Version:   13.35.1
[debug] [2025-04-04T04:00:58.826Z] Platform:      win32
[debug] [2025-04-04T04:00:58.826Z] Node Version:  v18.20.7
[debug] [2025-04-04T04:00:58.827Z] Time:          Thu Apr 03 2025 21:00:58 GMT-0700 (Pacific Daylight Time)
[debug] [2025-04-04T04:00:58.827Z] ----------------------------------------------------------------------
[debug] 
[debug] [2025-04-04T04:00:58.829Z] >>> [apiv2][query] GET https://firebase-public.firebaseio.com/cli.json [none]
[debug] [2025-04-04T04:00:58.858Z] > command requires scopes: ["email","openid","https://www.googleapis.com/auth/cloudplatformprojects.readonly","https://www.googleapis.com/auth/firebase","https://www.googleapis.com/auth/cloud-platform"]
[debug] [2025-04-04T04:00:58.858Z] > authorizing via signed-in user (com.mdexam.app@gmail.com)
[info] 
     ######## #### ########  ######## ########     ###     ######  ########
     ##        ##  ##     ## ##       ##     ##  ##   ##  ##       ##
     ######    ##  ########  ######   ########  #########  ######  ######
     ##        ##  ##    ##  ##       ##     ## ##     ##       ## ##
     ##       #### ##     ## ######## ########  ##     ##  ######  ########

You're about to initialize a Firebase project in this directory:

  E:\FigmatoReact\integrity-work-project

[debug] [2025-04-04T04:01:00.226Z] <<< [apiv2][status] GET https://firebase-public.firebaseio.com/cli.json 200
[debug] [2025-04-04T04:01:00.226Z] <<< [apiv2][body] GET https://firebase-public.firebaseio.com/cli.json {"cloudBuildErrorAfter":1594252800000,"cloudBuildWarnAfter":1590019200000,"defaultNode10After":1594252800000,"minVersion":"3.0.5","node8DeploysDisabledAfter":1613390400000,"node8RuntimeDisabledAfter":1615809600000,"node8WarnAfter":1600128000000}
[info] 
=== Project Setup
[info] 
[info] First, let's associate this project directory with a Firebase project.
[info] You can create multiple project aliases by running firebase use --add, 
[info] but for now we'll just set up a default project.
[info] 
[info] i  If you want to create a project in a Google Cloud organization or folder, please use "firebase projects:create" instead, and return to this command when you've created the project. 
